<?xml version="1.0" encoding="UTF-8"?>
<coverage generated="1655752236958" clover="3.2.0">
  <project timestamp="1655752236958" name="All files">
    <metrics statements="56" coveredstatements="56" conditionals="26" coveredconditionals="26" methods="11" coveredmethods="11" elements="93" coveredelements="93" complexity="0" loc="56" ncloc="56" packages="1" files="1" classes="1"/>
    <file name="index.ts" path="/home/gcb/Área de Trabalho/Testes lógicos/Valid/src/index.ts">
      <metrics statements="56" coveredstatements="56" conditionals="26" coveredconditionals="26" methods="11" coveredmethods="11"/>
      <line num="2" count="1" type="stmt"/>
      <line num="5" count="1" type="stmt"/>
      <line num="7" count="1" type="stmt"/>
      <line num="9" count="1" type="stmt"/>
      <line num="19" count="1" type="stmt"/>
      <line num="21" count="11" type="stmt"/>
      <line num="28" count="11" type="cond" truecount="3" falsecount="0"/>
      <line num="29" count="3" type="stmt"/>
      <line num="30" count="3" type="stmt"/>
      <line num="35" count="11" type="cond" truecount="1" falsecount="0"/>
      <line num="36" count="2" type="stmt"/>
      <line num="37" count="2" type="stmt"/>
      <line num="42" count="11" type="cond" truecount="1" falsecount="0"/>
      <line num="43" count="2" type="stmt"/>
      <line num="44" count="2" type="stmt"/>
      <line num="49" count="11" type="cond" truecount="1" falsecount="0"/>
      <line num="50" count="2" type="stmt"/>
      <line num="51" count="2" type="stmt"/>
      <line num="56" count="11" type="cond" truecount="1" falsecount="0"/>
      <line num="57" count="2" type="stmt"/>
      <line num="58" count="2" type="stmt"/>
      <line num="61" count="11" type="cond" truecount="1" falsecount="0"/>
      <line num="62" count="2" type="stmt"/>
      <line num="63" count="2" type="stmt"/>
      <line num="69" count="11" type="stmt"/>
      <line num="73" count="1" type="stmt"/>
      <line num="74" count="11" type="stmt"/>
      <line num="76" count="203" type="stmt"/>
      <line num="77" count="11" type="cond" truecount="2" falsecount="0"/>
      <line num="81" count="1" type="stmt"/>
      <line num="82" count="11" type="stmt"/>
      <line num="84" count="203" type="stmt"/>
      <line num="85" count="11" type="cond" truecount="2" falsecount="0"/>
      <line num="91" count="1" type="stmt"/>
      <line num="92" count="406" type="cond" truecount="4" falsecount="0"/>
      <line num="98" count="1" type="stmt"/>
      <line num="100" count="11" type="stmt"/>
      <line num="102" count="11" type="stmt"/>
      <line num="106" count="203" type="cond" truecount="1" falsecount="0"/>
      <line num="108" count="138" type="cond" truecount="1" falsecount="0"/>
      <line num="111" count="11" type="stmt"/>
      <line num="115" count="1" type="stmt"/>
      <line num="117" count="11" type="stmt"/>
      <line num="119" count="11" type="stmt"/>
      <line num="123" count="203" type="cond" truecount="1" falsecount="0"/>
      <line num="125" count="138" type="cond" truecount="1" falsecount="0"/>
      <line num="128" count="11" type="stmt"/>
      <line num="132" count="1" type="stmt"/>
      <line num="134" count="11" type="stmt"/>
      <line num="137" count="187" type="cond" truecount="1" falsecount="0"/>
      <line num="141" count="1" type="stmt"/>
      <line num="149" count="186" type="stmt"/>
      <line num="150" count="186" type="cond" truecount="1" falsecount="0"/>
      <line num="155" count="1" type="stmt"/>
      <line num="158" count="9" type="stmt"/>
      <line num="161" count="1" type="stmt"/>
    </file>
  </project>
</coverage>
