{"/home/gcb/Área de Trabalho/Testes lógicos/Valid/src/index.ts": {"path":"/home/gcb/Área de Trabalho/Testes lógicos/Valid/src/index.ts","statementMap":{"0":{"start":{"line":2,"column":17},"end":{"line":2,"column":41}},"1":{"start":{"line":4,"column":14},"end":{"line":4,"column":26}},"2":{"start":{"line":7,"column":2},"end":{"line":7,"column":64}},"3":{"start":{"line":9,"column":18},"end":{"line":9,"column":20}},"4":{"start":{"line":11,"column":18},"end":{"line":11,"column":20}},"5":{"start":{"line":21,"column":34},"end":{"line":66,"column":1}},"6":{"start":{"line":23,"column":29},"end":{"line":26,"column":4}},"7":{"start":{"line":30,"column":2},"end":{"line":33,"column":null}},"8":{"start":{"line":31,"column":4},"end":{"line":31,"column":28}},"9":{"start":{"line":32,"column":4},"end":{"line":32,"column":64}},"10":{"start":{"line":36,"column":2},"end":{"line":39,"column":null}},"11":{"start":{"line":37,"column":4},"end":{"line":37,"column":28}},"12":{"start":{"line":38,"column":4},"end":{"line":38,"column":72}},"13":{"start":{"line":42,"column":2},"end":{"line":45,"column":null}},"14":{"start":{"line":43,"column":4},"end":{"line":43,"column":28}},"15":{"start":{"line":44,"column":4},"end":{"line":44,"column":71}},"16":{"start":{"line":48,"column":2},"end":{"line":51,"column":null}},"17":{"start":{"line":49,"column":4},"end":{"line":49,"column":28}},"18":{"start":{"line":50,"column":4},"end":{"line":50,"column":72}},"19":{"start":{"line":54,"column":2},"end":{"line":57,"column":null}},"20":{"start":{"line":55,"column":4},"end":{"line":55,"column":28}},"21":{"start":{"line":56,"column":4},"end":{"line":56,"column":69}},"22":{"start":{"line":65,"column":2},"end":{"line":65,"column":18}},"23":{"start":{"line":21,"column":13},"end":{"line":21,"column":34}},"24":{"start":{"line":71,"column":34},"end":{"line":87,"column":1}},"25":{"start":{"line":77,"column":24},"end":{"line":84,"column":4}},"26":{"start":{"line":80,"column":4},"end":{"line":80,"column":63}},"27":{"start":{"line":80,"column":26},"end":{"line":80,"column":63}},"28":{"start":{"line":83,"column":4},"end":{"line":83,"column":77}},"29":{"start":{"line":83,"column":33},"end":{"line":83,"column":77}},"30":{"start":{"line":86,"column":2},"end":{"line":86,"column":58}},"31":{"start":{"line":92,"column":35},"end":{"line":96,"column":1}},"32":{"start":{"line":93,"column":2},"end":{"line":95,"column":12}},"33":{"start":{"line":99,"column":23},"end":{"line":113,"column":1}},"34":{"start":{"line":101,"column":15},"end":{"line":101,"column":20}},"35":{"start":{"line":103,"column":2},"end":{"line":110,"column":5}},"36":{"start":{"line":107,"column":4},"end":{"line":107,"column":57}},"37":{"start":{"line":107,"column":45},"end":{"line":107,"column":57}},"38":{"start":{"line":109,"column":4},"end":{"line":109,"column":57}},"39":{"start":{"line":109,"column":43},"end":{"line":109,"column":57}},"40":{"start":{"line":112,"column":2},"end":{"line":112,"column":16}},"41":{"start":{"line":116,"column":23},"end":{"line":130,"column":1}},"42":{"start":{"line":118,"column":16},"end":{"line":118,"column":21}},"43":{"start":{"line":120,"column":2},"end":{"line":127,"column":5}},"44":{"start":{"line":124,"column":4},"end":{"line":124,"column":57}},"45":{"start":{"line":124,"column":45},"end":{"line":124,"column":57}},"46":{"start":{"line":126,"column":4},"end":{"line":126,"column":58}},"47":{"start":{"line":126,"column":43},"end":{"line":126,"column":58}},"48":{"start":{"line":129,"column":2},"end":{"line":129,"column":17}},"49":{"start":{"line":133,"column":20},"end":{"line":138,"column":1}},"50":{"start":{"line":135,"column":2},"end":{"line":137,"column":11}},"51":{"start":{"line":145,"column":0},"end":{"line":145,"column":42}}},"fnMap":{"0":{"name":"(anonymous_0)","decl":{"start":{"line":21,"column":34},"end":{"line":21,"column":35}},"loc":{"start":{"line":21,"column":65},"end":{"line":66,"column":1}}},"1":{"name":"(anonymous_1)","decl":{"start":{"line":71,"column":34},"end":{"line":71,"column":null}},"loc":{"start":{"line":75,"column":13},"end":{"line":87,"column":1}}},"2":{"name":"(anonymous_2)","decl":{"start":{"line":77,"column":50},"end":{"line":77,"column":51}},"loc":{"start":{"line":77,"column":68},"end":{"line":84,"column":3}}},"3":{"name":"(anonymous_3)","decl":{"start":{"line":92,"column":35},"end":{"line":92,"column":36}},"loc":{"start":{"line":92,"column":64},"end":{"line":96,"column":1}}},"4":{"name":"(anonymous_4)","decl":{"start":{"line":99,"column":23},"end":{"line":99,"column":24}},"loc":{"start":{"line":99,"column":53},"end":{"line":113,"column":1}}},"5":{"name":"(anonymous_5)","decl":{"start":{"line":103,"column":29},"end":{"line":103,"column":30}},"loc":{"start":{"line":103,"column":41},"end":{"line":110,"column":3}}},"6":{"name":"(anonymous_6)","decl":{"start":{"line":116,"column":23},"end":{"line":116,"column":24}},"loc":{"start":{"line":116,"column":53},"end":{"line":130,"column":1}}},"7":{"name":"(anonymous_7)","decl":{"start":{"line":120,"column":29},"end":{"line":120,"column":30}},"loc":{"start":{"line":120,"column":41},"end":{"line":127,"column":3}}},"8":{"name":"(anonymous_8)","decl":{"start":{"line":133,"column":20},"end":{"line":133,"column":21}},"loc":{"start":{"line":133,"column":50},"end":{"line":138,"column":1}}}},"branchMap":{"0":{"loc":{"start":{"line":30,"column":2},"end":{"line":33,"column":null}},"type":"if","locations":[{"start":{"line":30,"column":2},"end":{"line":33,"column":null}}]},"1":{"loc":{"start":{"line":36,"column":2},"end":{"line":39,"column":null}},"type":"if","locations":[{"start":{"line":36,"column":2},"end":{"line":39,"column":null}}]},"2":{"loc":{"start":{"line":42,"column":2},"end":{"line":45,"column":null}},"type":"if","locations":[{"start":{"line":42,"column":2},"end":{"line":45,"column":null}}]},"3":{"loc":{"start":{"line":48,"column":2},"end":{"line":51,"column":null}},"type":"if","locations":[{"start":{"line":48,"column":2},"end":{"line":51,"column":null}}]},"4":{"loc":{"start":{"line":54,"column":2},"end":{"line":57,"column":null}},"type":"if","locations":[{"start":{"line":54,"column":2},"end":{"line":57,"column":null}}]},"5":{"loc":{"start":{"line":80,"column":4},"end":{"line":80,"column":63}},"type":"if","locations":[{"start":{"line":80,"column":4},"end":{"line":80,"column":63}}]},"6":{"loc":{"start":{"line":83,"column":4},"end":{"line":83,"column":77}},"type":"if","locations":[{"start":{"line":83,"column":4},"end":{"line":83,"column":77}}]},"7":{"loc":{"start":{"line":86,"column":9},"end":{"line":86,"column":57}},"type":"cond-expr","locations":[{"start":{"line":86,"column":45},"end":{"line":86,"column":50}},{"start":{"line":86,"column":53},"end":{"line":86,"column":57}}]},"8":{"loc":{"start":{"line":93,"column":9},"end":{"line":95,"column":11}},"type":"cond-expr","locations":[{"start":{"line":94,"column":6},"end":{"line":94,"column":10}},{"start":{"line":95,"column":6},"end":{"line":95,"column":11}}]},"9":{"loc":{"start":{"line":93,"column":9},"end":{"line":93,"column":66}},"type":"binary-expr","locations":[{"start":{"line":93,"column":9},"end":{"line":93,"column":32}},{"start":{"line":93,"column":36},"end":{"line":93,"column":66}}]},"10":{"loc":{"start":{"line":107,"column":4},"end":{"line":107,"column":57}},"type":"if","locations":[{"start":{"line":107,"column":4},"end":{"line":107,"column":57}}]},"11":{"loc":{"start":{"line":109,"column":4},"end":{"line":109,"column":57}},"type":"if","locations":[{"start":{"line":109,"column":4},"end":{"line":109,"column":57}}]},"12":{"loc":{"start":{"line":124,"column":4},"end":{"line":124,"column":57}},"type":"if","locations":[{"start":{"line":124,"column":4},"end":{"line":124,"column":57}}]},"13":{"loc":{"start":{"line":126,"column":4},"end":{"line":126,"column":58}},"type":"if","locations":[{"start":{"line":126,"column":4},"end":{"line":126,"column":58}}]},"14":{"loc":{"start":{"line":135,"column":9},"end":{"line":137,"column":10}},"type":"cond-expr","locations":[{"start":{"line":136,"column":6},"end":{"line":136,"column":11}},{"start":{"line":137,"column":6},"end":{"line":137,"column":10}}]},"15":{"loc":{"start":{"line":135,"column":9},"end":{"line":135,"column":67}},"type":"binary-expr","locations":[{"start":{"line":135,"column":9},"end":{"line":135,"column":36}},{"start":{"line":135,"column":40},"end":{"line":135,"column":67}}]}},"s":{"0":1,"1":1,"2":1,"3":1,"4":1,"5":1,"6":2,"7":2,"8":0,"9":0,"10":2,"11":0,"12":0,"13":2,"14":0,"15":0,"16":2,"17":0,"18":0,"19":2,"20":0,"21":0,"22":2,"23":1,"24":1,"25":4,"26":84,"27":42,"28":42,"29":42,"30":4,"31":1,"32":84,"33":1,"34":2,"35":2,"36":42,"37":38,"38":4,"39":2,"40":2,"41":1,"42":2,"43":2,"44":42,"45":38,"46":4,"47":2,"48":2,"49":1,"50":2,"51":1},"f":{"0":2,"1":4,"2":84,"3":84,"4":2,"5":42,"6":2,"7":42,"8":2},"b":{"0":[0],"1":[0],"2":[0],"3":[0],"4":[0],"5":[42],"6":[42],"7":[0,4],"8":[76,8],"9":[84,16],"10":[38],"11":[2],"12":[38],"13":[2],"14":[0,2],"15":[2,2]}}
}
