{"/home/gcb/Área de Trabalho/Testes lógicos/Valid/src/index.ts": {"path":"/home/gcb/Área de Trabalho/Testes lógicos/Valid/src/index.ts","statementMap":{"0":{"start":{"line":2,"column":22},"end":{"line":2,"column":34}},"1":{"start":{"line":5,"column":2},"end":{"line":5,"column":64}},"2":{"start":{"line":7,"column":26},"end":{"line":7,"column":28}},"3":{"start":{"line":9,"column":26},"end":{"line":9,"column":28}},"4":{"start":{"line":19,"column":34},"end":{"line":70,"column":1}},"5":{"start":{"line":21,"column":29},"end":{"line":24,"column":4}},"6":{"start":{"line":28,"column":2},"end":{"line":31,"column":null}},"7":{"start":{"line":29,"column":4},"end":{"line":29,"column":28}},"8":{"start":{"line":30,"column":4},"end":{"line":30,"column":69}},"9":{"start":{"line":35,"column":2},"end":{"line":38,"column":null}},"10":{"start":{"line":36,"column":4},"end":{"line":36,"column":28}},"11":{"start":{"line":37,"column":4},"end":{"line":37,"column":70}},"12":{"start":{"line":42,"column":2},"end":{"line":45,"column":null}},"13":{"start":{"line":43,"column":4},"end":{"line":43,"column":28}},"14":{"start":{"line":44,"column":4},"end":{"line":44,"column":72}},"15":{"start":{"line":49,"column":2},"end":{"line":52,"column":null}},"16":{"start":{"line":50,"column":4},"end":{"line":50,"column":28}},"17":{"start":{"line":51,"column":4},"end":{"line":51,"column":71}},"18":{"start":{"line":56,"column":2},"end":{"line":59,"column":null}},"19":{"start":{"line":57,"column":4},"end":{"line":57,"column":28}},"20":{"start":{"line":58,"column":4},"end":{"line":58,"column":71}},"21":{"start":{"line":61,"column":2},"end":{"line":66,"column":null}},"22":{"start":{"line":62,"column":4},"end":{"line":62,"column":28}},"23":{"start":{"line":63,"column":4},"end":{"line":65,"column":6}},"24":{"start":{"line":69,"column":2},"end":{"line":69,"column":18}},"25":{"start":{"line":19,"column":13},"end":{"line":19,"column":34}},"26":{"start":{"line":73,"column":19},"end":{"line":78,"column":1}},"27":{"start":{"line":74,"column":26},"end":{"line":76,"column":49}},"28":{"start":{"line":76,"column":25},"end":{"line":76,"column":48}},"29":{"start":{"line":77,"column":2},"end":{"line":77,"column":51}},"30":{"start":{"line":81,"column":26},"end":{"line":86,"column":1}},"31":{"start":{"line":82,"column":28},"end":{"line":84,"column":56}},"32":{"start":{"line":84,"column":25},"end":{"line":84,"column":55}},"33":{"start":{"line":85,"column":2},"end":{"line":85,"column":53}},"34":{"start":{"line":91,"column":35},"end":{"line":95,"column":1}},"35":{"start":{"line":92,"column":2},"end":{"line":94,"column":12}},"36":{"start":{"line":98,"column":23},"end":{"line":112,"column":1}},"37":{"start":{"line":100,"column":15},"end":{"line":100,"column":20}},"38":{"start":{"line":102,"column":2},"end":{"line":109,"column":5}},"39":{"start":{"line":106,"column":4},"end":{"line":106,"column":57}},"40":{"start":{"line":106,"column":45},"end":{"line":106,"column":57}},"41":{"start":{"line":108,"column":4},"end":{"line":108,"column":57}},"42":{"start":{"line":108,"column":43},"end":{"line":108,"column":57}},"43":{"start":{"line":111,"column":2},"end":{"line":111,"column":16}},"44":{"start":{"line":115,"column":23},"end":{"line":130,"column":1}},"45":{"start":{"line":117,"column":16},"end":{"line":117,"column":21}},"46":{"start":{"line":119,"column":2},"end":{"line":127,"column":5}},"47":{"start":{"line":123,"column":4},"end":{"line":123,"column":57}},"48":{"start":{"line":123,"column":45},"end":{"line":123,"column":57}},"49":{"start":{"line":124,"column":4},"end":{"line":126,"column":21}},"50":{"start":{"line":126,"column":6},"end":{"line":126,"column":21}},"51":{"start":{"line":129,"column":2},"end":{"line":129,"column":17}},"52":{"start":{"line":133,"column":22},"end":{"line":149,"column":1}},"53":{"start":{"line":134,"column":2},"end":{"line":147,"column":null}},"54":{"start":{"line":134,"column":15},"end":{"line":134,"column":16}},"55":{"start":{"line":135,"column":4},"end":{"line":140,"column":null}},"56":{"start":{"line":139,"column":6},"end":{"line":139,"column":19}},"57":{"start":{"line":141,"column":4},"end":{"line":146,"column":null}},"58":{"start":{"line":145,"column":6},"end":{"line":145,"column":19}},"59":{"start":{"line":148,"column":2},"end":{"line":148,"column":14}}},"fnMap":{"0":{"name":"(anonymous_0)","decl":{"start":{"line":19,"column":34},"end":{"line":19,"column":35}},"loc":{"start":{"line":19,"column":65},"end":{"line":70,"column":1}}},"1":{"name":"(anonymous_1)","decl":{"start":{"line":73,"column":19},"end":{"line":73,"column":20}},"loc":{"start":{"line":73,"column":49},"end":{"line":78,"column":1}}},"2":{"name":"(anonymous_2)","decl":{"start":{"line":76,"column":12},"end":{"line":76,"column":13}},"loc":{"start":{"line":76,"column":25},"end":{"line":76,"column":48}}},"3":{"name":"(anonymous_3)","decl":{"start":{"line":81,"column":26},"end":{"line":81,"column":27}},"loc":{"start":{"line":81,"column":56},"end":{"line":86,"column":1}}},"4":{"name":"(anonymous_4)","decl":{"start":{"line":84,"column":12},"end":{"line":84,"column":13}},"loc":{"start":{"line":84,"column":25},"end":{"line":84,"column":55}}},"5":{"name":"(anonymous_5)","decl":{"start":{"line":91,"column":35},"end":{"line":91,"column":36}},"loc":{"start":{"line":91,"column":64},"end":{"line":95,"column":1}}},"6":{"name":"(anonymous_6)","decl":{"start":{"line":98,"column":23},"end":{"line":98,"column":24}},"loc":{"start":{"line":98,"column":53},"end":{"line":112,"column":1}}},"7":{"name":"(anonymous_7)","decl":{"start":{"line":102,"column":29},"end":{"line":102,"column":30}},"loc":{"start":{"line":102,"column":41},"end":{"line":109,"column":3}}},"8":{"name":"(anonymous_8)","decl":{"start":{"line":115,"column":23},"end":{"line":115,"column":24}},"loc":{"start":{"line":115,"column":53},"end":{"line":130,"column":1}}},"9":{"name":"(anonymous_9)","decl":{"start":{"line":119,"column":29},"end":{"line":119,"column":30}},"loc":{"start":{"line":119,"column":41},"end":{"line":127,"column":3}}},"10":{"name":"(anonymous_10)","decl":{"start":{"line":133,"column":22},"end":{"line":133,"column":23}},"loc":{"start":{"line":133,"column":52},"end":{"line":149,"column":1}}}},"branchMap":{"0":{"loc":{"start":{"line":28,"column":2},"end":{"line":31,"column":null}},"type":"if","locations":[{"start":{"line":28,"column":2},"end":{"line":31,"column":null}}]},"1":{"loc":{"start":{"line":28,"column":6},"end":{"line":28,"column":64}},"type":"binary-expr","locations":[{"start":{"line":28,"column":6},"end":{"line":28,"column":33}},{"start":{"line":28,"column":37},"end":{"line":28,"column":64}}]},"2":{"loc":{"start":{"line":35,"column":2},"end":{"line":38,"column":null}},"type":"if","locations":[{"start":{"line":35,"column":2},"end":{"line":38,"column":null}}]},"3":{"loc":{"start":{"line":42,"column":2},"end":{"line":45,"column":null}},"type":"if","locations":[{"start":{"line":42,"column":2},"end":{"line":45,"column":null}}]},"4":{"loc":{"start":{"line":49,"column":2},"end":{"line":52,"column":null}},"type":"if","locations":[{"start":{"line":49,"column":2},"end":{"line":52,"column":null}}]},"5":{"loc":{"start":{"line":56,"column":2},"end":{"line":59,"column":null}},"type":"if","locations":[{"start":{"line":56,"column":2},"end":{"line":59,"column":null}}]},"6":{"loc":{"start":{"line":61,"column":2},"end":{"line":66,"column":null}},"type":"if","locations":[{"start":{"line":61,"column":2},"end":{"line":66,"column":null}}]},"7":{"loc":{"start":{"line":77,"column":9},"end":{"line":77,"column":50}},"type":"cond-expr","locations":[{"start":{"line":77,"column":38},"end":{"line":77,"column":43}},{"start":{"line":77,"column":46},"end":{"line":77,"column":50}}]},"8":{"loc":{"start":{"line":85,"column":9},"end":{"line":85,"column":52}},"type":"cond-expr","locations":[{"start":{"line":85,"column":40},"end":{"line":85,"column":45}},{"start":{"line":85,"column":48},"end":{"line":85,"column":52}}]},"9":{"loc":{"start":{"line":92,"column":9},"end":{"line":94,"column":11}},"type":"cond-expr","locations":[{"start":{"line":93,"column":6},"end":{"line":93,"column":10}},{"start":{"line":94,"column":6},"end":{"line":94,"column":11}}]},"10":{"loc":{"start":{"line":92,"column":9},"end":{"line":92,"column":66}},"type":"binary-expr","locations":[{"start":{"line":92,"column":9},"end":{"line":92,"column":32}},{"start":{"line":92,"column":36},"end":{"line":92,"column":66}}]},"11":{"loc":{"start":{"line":106,"column":4},"end":{"line":106,"column":57}},"type":"if","locations":[{"start":{"line":106,"column":4},"end":{"line":106,"column":57}}]},"12":{"loc":{"start":{"line":108,"column":4},"end":{"line":108,"column":57}},"type":"if","locations":[{"start":{"line":108,"column":4},"end":{"line":108,"column":57}}]},"13":{"loc":{"start":{"line":123,"column":4},"end":{"line":123,"column":57}},"type":"if","locations":[{"start":{"line":123,"column":4},"end":{"line":123,"column":57}}]},"14":{"loc":{"start":{"line":124,"column":4},"end":{"line":126,"column":21}},"type":"if","locations":[{"start":{"line":124,"column":4},"end":{"line":126,"column":21}}]},"15":{"loc":{"start":{"line":135,"column":4},"end":{"line":140,"column":null}},"type":"if","locations":[{"start":{"line":135,"column":4},"end":{"line":140,"column":null}}]},"16":{"loc":{"start":{"line":136,"column":6},"end":{"line":137,"column":43}},"type":"binary-expr","locations":[{"start":{"line":136,"column":6},"end":{"line":136,"column":43}},{"start":{"line":137,"column":6},"end":{"line":137,"column":43}}]},"17":{"loc":{"start":{"line":141,"column":4},"end":{"line":146,"column":null}},"type":"if","locations":[{"start":{"line":141,"column":4},"end":{"line":146,"column":null}}]},"18":{"loc":{"start":{"line":142,"column":6},"end":{"line":143,"column":64}},"type":"binary-expr","locations":[{"start":{"line":142,"column":6},"end":{"line":142,"column":64}},{"start":{"line":143,"column":6},"end":{"line":143,"column":64}}]}},"s":{"0":1,"1":1,"2":1,"3":1,"4":1,"5":10,"6":10,"7":3,"8":3,"9":10,"10":2,"11":2,"12":10,"13":2,"14":2,"15":10,"16":1,"17":1,"18":10,"19":1,"20":1,"21":10,"22":2,"23":2,"24":10,"25":1,"26":1,"27":10,"28":185,"29":10,"30":1,"31":10,"32":185,"33":10,"34":1,"35":370,"36":1,"37":10,"38":10,"39":185,"40":53,"41":132,"42":69,"43":10,"44":1,"45":10,"46":10,"47":185,"48":53,"49":132,"50":63,"51":10,"52":1,"53":10,"54":10,"55":169,"56":1,"57":168,"58":1,"59":8},"f":{"0":10,"1":10,"2":185,"3":10,"4":185,"5":370,"6":10,"7":185,"8":10,"9":185,"10":10},"b":{"0":[3],"1":[10,8],"2":[2],"3":[2],"4":[1],"5":[1],"6":[2],"7":[2,8],"8":[2,8],"9":[106,264],"10":[370,318],"11":[53],"12":[69],"13":[53],"14":[63],"15":[1],"16":[169,2],"17":[1],"18":[168,3]}}
}
