TN:
SF:src/index.ts
FN:19,(anonymous_0)
FN:73,(anonymous_1)
FN:76,(anonymous_2)
FN:81,(anonymous_3)
FN:84,(anonymous_4)
FN:91,(anonymous_5)
FN:98,(anonymous_6)
FN:102,(anonymous_7)
FN:115,(anonymous_8)
FN:119,(anonymous_9)
FN:133,(anonymous_10)
FNF:11
FNH:11
FNDA:10,(anonymous_0)
FNDA:10,(anonymous_1)
FNDA:185,(anonymous_2)
FNDA:10,(anonymous_3)
FNDA:185,(anonymous_4)
FNDA:370,(anonymous_5)
FNDA:10,(anonymous_6)
FNDA:185,(anonymous_7)
FNDA:10,(anonymous_8)
FNDA:185,(anonymous_9)
FNDA:10,(anonymous_10)
DA:2,1
DA:5,1
DA:7,1
DA:9,1
DA:19,1
DA:21,10
DA:28,10
DA:29,3
DA:30,3
DA:35,10
DA:36,2
DA:37,2
DA:42,10
DA:43,2
DA:44,2
DA:49,10
DA:50,1
DA:51,1
DA:56,10
DA:57,1
DA:58,1
DA:61,10
DA:62,2
DA:63,2
DA:69,10
DA:73,1
DA:74,10
DA:76,185
DA:77,10
DA:81,1
DA:82,10
DA:84,185
DA:85,10
DA:91,1
DA:92,370
DA:98,1
DA:100,10
DA:102,10
DA:106,185
DA:108,132
DA:111,10
DA:115,1
DA:117,10
DA:119,10
DA:123,185
DA:124,132
DA:126,63
DA:129,10
DA:133,1
DA:134,10
DA:135,169
DA:139,1
DA:141,168
DA:145,1
DA:148,8
LF:55
LH:55
BRDA:28,0,0,3
BRDA:28,1,0,10
BRDA:28,1,1,8
BRDA:35,2,0,2
BRDA:42,3,0,2
BRDA:49,4,0,1
BRDA:56,5,0,1
BRDA:61,6,0,2
BRDA:77,7,0,2
BRDA:77,7,1,8
BRDA:85,8,0,2
BRDA:85,8,1,8
BRDA:92,9,0,106
BRDA:92,9,1,264
BRDA:92,10,0,370
BRDA:92,10,1,318
BRDA:106,11,0,53
BRDA:108,12,0,69
BRDA:123,13,0,53
BRDA:124,14,0,63
BRDA:135,15,0,1
BRDA:136,16,0,169
BRDA:136,16,1,2
BRDA:141,17,0,1
BRDA:142,18,0,168
BRDA:142,18,1,3
BRF:26
BRH:26
end_of_record
