TN:
SF:src/index.ts
FN:21,(anonymous_0)
FN:66,(anonymous_1)
FN:69,(anonymous_2)
FN:76,(anonymous_3)
FN:83,(anonymous_4)
FN:87,(anonymous_5)
FN:100,(anonymous_6)
FN:104,(anonymous_7)
FNF:8
FNH:8
FNDA:8,(anonymous_0)
FNDA:8,(anonymous_1)
FNDA:143,(anonymous_2)
FNDA:286,(anonymous_3)
FNDA:8,(anonymous_4)
FNDA:143,(anonymous_5)
FNDA:8,(anonymous_6)
FNDA:143,(anonymous_7)
DA:2,1
DA:4,1
DA:7,1
DA:9,1
DA:11,1
DA:21,1
DA:23,8
DA:30,8
DA:31,3
DA:32,3
DA:37,8
DA:38,2
DA:39,2
DA:44,8
DA:45,2
DA:46,2
DA:51,8
DA:52,2
DA:53,2
DA:62,8
DA:66,1
DA:67,8
DA:69,143
DA:70,8
DA:76,1
DA:77,286
DA:83,1
DA:85,8
DA:87,8
DA:91,143
DA:93,84
DA:96,8
DA:100,1
DA:102,8
DA:104,8
DA:108,143
DA:110,84
DA:113,8
DA:142,1
LF:39
LH:39
BRDA:30,0,0,3
BRDA:30,1,0,8
BRDA:30,1,1,6
BRDA:37,2,0,2
BRDA:44,3,0,2
BRDA:51,4,0,2
BRDA:70,5,0,2
BRDA:70,5,1,6
BRDA:77,6,0,118
BRDA:77,6,1,168
BRDA:77,7,0,286
BRDA:77,7,1,212
BRDA:91,8,0,59
BRDA:93,9,0,42
BRDA:108,10,0,59
BRDA:110,11,0,42
BRF:16
BRH:16
end_of_record
